2025-05-27 14:27:16 [scrapy.utils.log] INFO: Scrapy 2.13.0 started (bot: ZorgkaartScrapy)
2025-05-27 14:27:16 [scrapy.utils.log] INFO: Versions:
{'lxml': '5.4.0',
 'libxml2': '2.11.9',
 'cssselect': '1.3.0',
 'parsel': '1.10.0',
 'w3lib': '2.3.1',
 'Twisted': '24.11.0',
 'Python': '3.12.6 (tags/v3.12.6:a4a2d2b, Sep  6 2024, 20:11:23) [MSC v.1940 '
           '64 bit (AMD64)]',
 'pyOpenSSL': '25.1.0 (OpenSSL 3.5.0 8 Apr 2025)',
 'cryptography': '45.0.3',
 'Platform': 'Windows-11-10.0.22631-SP0'}
2025-05-27 14:27:16 [scrapy.addons] INFO: Enabled addons:
[]
2025-05-27 14:27:16 [scrapy.extensions.telnet] INFO: Telnet Password: 0293130fbcdba517
2025-05-27 14:27:16 [scrapy.middleware] INFO: Enabled extensions:
['scrapy.extensions.corestats.CoreStats',
 'scrapy.extensions.telnet.TelnetConsole',
 'scrapy.extensions.feedexport.FeedExporter',
 'scrapy.extensions.logstats.LogStats',
 'scrapy.extensions.throttle.AutoThrottle']
2025-05-27 14:27:16 [scrapy.crawler] INFO: Overridden settings:
{'AUTOTHROTTLE_ENABLED': True,
 'AUTOTHROTTLE_MAX_DELAY': 10,
 'AUTOTHROTTLE_START_DELAY': 1,
 'BOT_NAME': 'ZorgkaartScrapy',
 'CONCURRENT_REQUESTS_PER_DOMAIN': 2,
 'CONCURRENT_REQUESTS_PER_IP': 2,
 'COOKIES_ENABLED': False,
 'DOWNLOAD_DELAY': 1,
 'DOWNLOAD_TIMEOUT': 30,
 'LOG_FILE': 'logs\\scrapy_run_20250527_142716.log',
 'LOG_LEVEL': 'INFO',
 'LOG_STDOUT': True,
 'NEWSPIDER_MODULE': 'ZorgkaartScrapy.spiders',
 'RETRY_HTTP_CODES': [429, 503, 500, 502, 504],
 'RETRY_TIMES': 5,
 'SPIDER_MODULES': ['ZorgkaartScrapy.spiders'],
 'USER_AGENT': 'Mozilla/5.0 (Windows NT 10.0; Win64; x64) AppleWebKit/537.36 '
               '(KHTML, like Gecko) Chrome/114.0.0.0 Safari/537.36'}
2025-05-27 14:27:17 [scrapy.middleware] INFO: Enabled downloader middlewares:
['scrapy.downloadermiddlewares.offsite.OffsiteMiddleware',
 'scrapy.downloadermiddlewares.httpauth.HttpAuthMiddleware',
 'scrapy.downloadermiddlewares.downloadtimeout.DownloadTimeoutMiddleware',
 'scrapy.downloadermiddlewares.defaultheaders.DefaultHeadersMiddleware',
 'scrapy.downloadermiddlewares.useragent.UserAgentMiddleware',
 'scrapy.downloadermiddlewares.retry.RetryMiddleware',
 'scrapy.downloadermiddlewares.redirect.MetaRefreshMiddleware',
 'scrapy.downloadermiddlewares.httpcompression.HttpCompressionMiddleware',
 'scrapy.downloadermiddlewares.redirect.RedirectMiddleware',
 'scrapy.downloadermiddlewares.httpproxy.HttpProxyMiddleware',
 'scrapy.downloadermiddlewares.stats.DownloaderStats']
2025-05-27 14:27:17 [scrapy.middleware] INFO: Enabled spider middlewares:
['scrapy.spidermiddlewares.start.StartSpiderMiddleware',
 'scrapy.spidermiddlewares.httperror.HttpErrorMiddleware',
 'scrapy.spidermiddlewares.referer.RefererMiddleware',
 'scrapy.spidermiddlewares.urllength.UrlLengthMiddleware',
 'scrapy.spidermiddlewares.depth.DepthMiddleware']
2025-05-27 14:27:19 [scrapy.middleware] INFO: Enabled item pipelines:
['ZorgkaartScrapy.pipelines.ExcelExportPipeline']
2025-05-27 14:27:19 [scrapy.core.engine] INFO: Spider opened
2025-05-27 14:27:19 [py.warnings] WARNING: C:\Users\s.de.boer\AppData\Local\Programs\Python\Python312\Lib\site-packages\scrapy\core\spidermw.py:433: ScrapyDeprecationWarning: ZorgkaartScrapy.spiders.zorgkaart_details_spider.ZorgkaartDetailsSpider defines the deprecated start_requests() method. start_requests() has been deprecated in favor of a new method, start(), to support asynchronous code execution. start_requests() will stop being called in a future version of Scrapy. If you use Scrapy 2.13 or higher only, replace start_requests() with start(); note that start() is a coroutine (async def). If you need to maintain compatibility with lower Scrapy versions, when overriding start_requests() in a spider class, override start() as well; you can use super() to reuse the inherited start() implementation without copy-pasting. See the release notes of Scrapy 2.13 for details: https://docs.scrapy.org/en/2.13/news.html
  warn(

2025-05-27 14:27:19 [scrapy.extensions.logstats] INFO: Crawled 0 pages (at 0 pages/min), scraped 0 items (at 0 items/min)
2025-05-27 14:27:19 [scrapy.extensions.telnet] INFO: Telnet console listening on 127.0.0.1:6023
2025-05-27 14:27:22 [scrapy.core.engine] INFO: Closing spider (finished)
2025-05-27 14:27:23 [zorgkaart_details] INFO: Excel-bestand succesvol geschreven: data\zorgkaart_details.xlsx
2025-05-27 14:27:23 [scrapy.extensions.feedexport] INFO: Stored json feed (3 items) in: data/zorgkaart_details.json
2025-05-27 14:27:23 [scrapy.statscollectors] INFO: Dumping Scrapy stats:
{'downloader/request_bytes': 1143,
 'downloader/request_count': 3,
 'downloader/request_method_count/GET': 3,
 'downloader/response_bytes': 56959,
 'downloader/response_count': 3,
 'downloader/response_status_count/200': 3,
 'elapsed_time_seconds': 3.363338,
 'feedexport/success_count/FileFeedStorage': 1,
 'finish_reason': 'finished',
 'finish_time': datetime.datetime(2025, 5, 27, 12, 27, 23, 161307, tzinfo=datetime.timezone.utc),
 'httpcompression/response_bytes': 264266,
 'httpcompression/response_count': 3,
 'item_scraped_count': 3,
 'items_per_minute': 60.0,
 'log_count/INFO': 12,
 'log_count/WARNING': 1,
 'response_received_count': 3,
 'responses_per_minute': 60.0,
 'scheduler/dequeued': 3,
 'scheduler/dequeued/memory': 3,
 'scheduler/enqueued': 3,
 'scheduler/enqueued/memory': 3,
 'start_time': datetime.datetime(2025, 5, 27, 12, 27, 19, 797969, tzinfo=datetime.timezone.utc)}
2025-05-27 14:27:23 [scrapy.core.engine] INFO: Spider closed (finished)
