2025-05-27 14:43:12 [scrapy.utils.log] INFO: Scrapy 2.13.0 started (bot: ZorgkaartScrapy)
2025-05-27 14:43:12 [scrapy.utils.log] INFO: Versions:
{'lxml': '5.4.0',
 'libxml2': '2.11.9',
 'cssselect': '1.3.0',
 'parsel': '1.10.0',
 'w3lib': '2.3.1',
 'Twisted': '24.11.0',
 'Python': '3.12.6 (tags/v3.12.6:a4a2d2b, Sep  6 2024, 20:11:23) [MSC v.1940 '
           '64 bit (AMD64)]',
 'pyOpenSSL': '25.1.0 (OpenSSL 3.5.0 8 Apr 2025)',
 'cryptography': '45.0.3',
 'Platform': 'Windows-11-10.0.22631-SP0'}
2025-05-27 14:43:12 [scrapy.addons] INFO: Enabled addons:
[]
2025-05-27 14:43:12 [scrapy.extensions.telnet] INFO: Telnet Password: 01c6df74c0f5c63b
2025-05-27 14:43:12 [scrapy.middleware] INFO: Enabled extensions:
['scrapy.extensions.corestats.CoreStats',
 'scrapy.extensions.telnet.TelnetConsole',
 'scrapy.extensions.feedexport.FeedExporter',
 'scrapy.extensions.logstats.LogStats',
 'scrapy.extensions.throttle.AutoThrottle']
2025-05-27 14:43:12 [scrapy.crawler] INFO: Overridden settings:
{'AUTOTHROTTLE_ENABLED': True,
 'AUTOTHROTTLE_MAX_DELAY': 10,
 'AUTOTHROTTLE_START_DELAY': 1,
 'BOT_NAME': 'ZorgkaartScrapy',
 'CONCURRENT_REQUESTS_PER_DOMAIN': 2,
 'CONCURRENT_REQUESTS_PER_IP': 2,
 'COOKIES_ENABLED': False,
 'DOWNLOAD_DELAY': 1,
 'DOWNLOAD_TIMEOUT': 30,
 'LOG_FILE': 'logs\\scrapy_run_20250527_144312.log',
 'LOG_LEVEL': 'INFO',
 'LOG_STDOUT': True,
 'NEWSPIDER_MODULE': 'ZorgkaartScrapy.spiders',
 'RETRY_HTTP_CODES': [429, 503, 500, 502, 504],
 'RETRY_TIMES': 5,
 'SPIDER_MODULES': ['ZorgkaartScrapy.spiders'],
 'USER_AGENT': 'Mozilla/5.0 (Windows NT 10.0; Win64; x64) AppleWebKit/537.36 '
               '(KHTML, like Gecko) Chrome/114.0.0.0 Safari/537.36'}
2025-05-27 14:43:13 [scrapy.middleware] INFO: Enabled downloader middlewares:
['scrapy.downloadermiddlewares.offsite.OffsiteMiddleware',
 'scrapy.downloadermiddlewares.httpauth.HttpAuthMiddleware',
 'scrapy.downloadermiddlewares.downloadtimeout.DownloadTimeoutMiddleware',
 'scrapy.downloadermiddlewares.defaultheaders.DefaultHeadersMiddleware',
 'scrapy.downloadermiddlewares.useragent.UserAgentMiddleware',
 'scrapy.downloadermiddlewares.retry.RetryMiddleware',
 'scrapy.downloadermiddlewares.redirect.MetaRefreshMiddleware',
 'scrapy.downloadermiddlewares.httpcompression.HttpCompressionMiddleware',
 'scrapy.downloadermiddlewares.redirect.RedirectMiddleware',
 'scrapy.downloadermiddlewares.httpproxy.HttpProxyMiddleware',
 'scrapy.downloadermiddlewares.stats.DownloaderStats']
2025-05-27 14:43:13 [scrapy.middleware] INFO: Enabled spider middlewares:
['scrapy.spidermiddlewares.start.StartSpiderMiddleware',
 'scrapy.spidermiddlewares.httperror.HttpErrorMiddleware',
 'scrapy.spidermiddlewares.referer.RefererMiddleware',
 'scrapy.spidermiddlewares.urllength.UrlLengthMiddleware',
 'scrapy.spidermiddlewares.depth.DepthMiddleware']
2025-05-27 14:43:16 [scrapy.middleware] INFO: Enabled item pipelines:
['ZorgkaartScrapy.pipelines.ExcelExportPipeline']
2025-05-27 14:43:16 [scrapy.core.engine] INFO: Spider opened
2025-05-27 14:43:16 [scrapy.extensions.logstats] INFO: Crawled 0 pages (at 0 pages/min), scraped 0 items (at 0 items/min)
2025-05-27 14:43:16 [scrapy.extensions.telnet] INFO: Telnet console listening on 127.0.0.1:6023
2025-05-27 14:43:16 [scrapy.core.engine] INFO: Closing spider (finished)
2025-05-27 14:43:16 [zorgkaart_organisatietypes] INFO: Excel-bestand succesvol geschreven: data\zorgkaart_organisatietypes.xlsx
2025-05-27 14:43:16 [scrapy.extensions.feedexport] INFO: Stored json feed (77 items) in: data/organisatietypes.json
2025-05-27 14:43:16 [scrapy.statscollectors] INFO: Dumping Scrapy stats:
{'downloader/request_bytes': 328,
 'downloader/request_count': 1,
 'downloader/request_method_count/GET': 1,
 'downloader/response_bytes': 11355,
 'downloader/response_count': 1,
 'downloader/response_status_count/200': 1,
 'elapsed_time_seconds': 0.626361,
 'feedexport/success_count/FileFeedStorage': 1,
 'finish_reason': 'finished',
 'finish_time': datetime.datetime(2025, 5, 27, 12, 43, 16, 840869, tzinfo=datetime.timezone.utc),
 'httpcompression/response_bytes': 75697,
 'httpcompression/response_count': 1,
 'item_scraped_count': 77,
 'items_per_minute': None,
 'log_count/INFO': 12,
 'response_received_count': 1,
 'responses_per_minute': None,
 'scheduler/dequeued': 1,
 'scheduler/dequeued/memory': 1,
 'scheduler/enqueued': 1,
 'scheduler/enqueued/memory': 1,
 'start_time': datetime.datetime(2025, 5, 27, 12, 43, 16, 214508, tzinfo=datetime.timezone.utc)}
2025-05-27 14:43:16 [scrapy.core.engine] INFO: Spider closed (finished)
